\BOOKMARK [1][-]{section.1}{Introduction g\351n\351rale}{}% 1
\BOOKMARK [2][-]{subsection.1.1}{L'\351conomie est-elle une science}{section.1}% 2
\BOOKMARK [2][-]{subsection.1.2}{Qu'est-ce que l'analyse \351conomique}{section.1}% 3
\BOOKMARK [2][-]{subsection.1.3}{\311volution dans la conception de l'analyse \351conomique}{section.1}% 4
\BOOKMARK [1][-]{section.2}{March\351s et r\351gulations}{}% 5
\BOOKMARK [2][-]{subsection.2.1}{Le march\351 et ses d\351faillances}{section.2}% 6
\BOOKMARK [3][-]{subsubsection.2.1.1}{Concurrence parfaite}{subsection.2.1}% 7
\BOOKMARK [3][-]{subsubsection.2.1.2}{D\351faillances de march\351}{subsection.2.1}% 8
\BOOKMARK [2][-]{subsection.2.2}{Pouvoir des acteurs et structures des march\351s}{section.2}% 9
\BOOKMARK [3][-]{subsubsection.2.2.1}{Duopoles}{subsection.2.2}% 10
\BOOKMARK [3][-]{subsubsection.2.2.2}{Discrimination par les prix}{subsection.2.2}% 11
\BOOKMARK [2][-]{subsection.2.3}{Externalit\351s positives et n\351gatives}{section.2}% 12
\BOOKMARK [3][-]{subsubsection.2.3.1}{L'innovation: une externalit\351 positive}{subsection.2.3}% 13
\BOOKMARK [3][-]{subsubsection.2.3.2}{La pollution: une externalit\351 n\351gative}{subsection.2.3}% 14
\BOOKMARK [2][-]{subsection.2.4}{Monopole naturel}{section.2}% 15
\BOOKMARK [2][-]{subsection.2.5}{Asym\351tries d'information}{section.2}% 16
\BOOKMARK [2][-]{subsection.2.6}{Concurrence et innovation}{section.2}% 17
\BOOKMARK [1][-]{section.3}{Financement de l'\351conomie et r\364le de la monnaie}{}% 18
\BOOKMARK [2][-]{subsection.3.1}{Le passage de l'\351conomie d'endettement \340 celle de march\351 financier}{section.3}% 19
\BOOKMARK [3][-]{subsubsection.3.1.1}{La lutte contre l'inflation}{subsection.3.1}% 20
\BOOKMARK [3][-]{subsubsection.3.1.2}{Vers l'\351conomie de march\351 des capitaux}{subsection.3.1}% 21
\BOOKMARK [3][-]{subsubsection.3.1.3}{La globalisation financi\350re et ses risques}{subsection.3.1}% 22
\BOOKMARK [2][-]{subsection.3.2}{Le r\364le de la monnaie}{section.3}% 23
\BOOKMARK [3][-]{subsubsection.3.2.1}{Les fonctions de la monnaie}{subsection.3.2}% 24
\BOOKMARK [3][-]{subsubsection.3.2.2}{La demande d'encaisse mon\351taire ou demande de monnaie}{subsection.3.2}% 25
\BOOKMARK [2][-]{subsection.3.3}{Le r\364le de la banque centrale}{section.3}% 26
\BOOKMARK [1][-]{section.4}{Conjoncture et politiques \351conomiques}{}% 27
\BOOKMARK [2][-]{subsection.4.1}{Politique mon\351taire}{section.4}% 28
\BOOKMARK [2][-]{subsection.4.2}{La politique budg\351taire}{section.4}% 29
\BOOKMARK [2][-]{subsection.4.3}{Le ch\364mage}{section.4}% 30
\BOOKMARK [2][-]{subsection.4.4}{L'endettement de l'\311tat}{section.4}% 31
\BOOKMARK [1][-]{section.5}{\311conomie internationale et globalisation}{}% 32
\BOOKMARK [2][-]{subsection.5.1}{Commerce international}{section.5}% 33
\BOOKMARK [3][-]{subsubsection.5.1.1}{R\351gulation du commerce mondial}{subsection.5.1}% 34
\BOOKMARK [3][-]{subsubsection.5.1.2}{Th\351ories du commerce international}{subsection.5.1}% 35
\BOOKMARK [2][-]{subsection.5.2}{Finance internationale}{section.5}% 36
\BOOKMARK [3][-]{subsubsection.5.2.1}{Taux de change}{subsection.5.2}% 37
\BOOKMARK [3][-]{subsubsection.5.2.2}{Balance des paiements}{subsection.5.2}% 38
