\BOOKMARK [1][-]{section.1}{General}{}% 1
\BOOKMARK [1][-]{section.2}{Inertia}{}% 2
\BOOKMARK [2][-]{subsection.2.1}{Before cracking}{section.2}% 3
\BOOKMARK [3][-]{subsubsection.2.1.1}{Aproximation}{subsection.2.1}% 4
\BOOKMARK [2][-]{subsection.2.2}{Cracked}{section.2}% 5
\BOOKMARK [3][-]{subsubsection.2.2.1}{Approximation}{subsection.2.2}% 6
\BOOKMARK [1][-]{section.3}{Material deformation}{}% 7
\BOOKMARK [1][-]{section.4}{Durability requirements}{}% 8
\BOOKMARK [1][-]{section.5}{Load combinations}{}% 9
\BOOKMARK [2][-]{subsection.5.1}{Ultimate limit state}{section.5}% 10
\BOOKMARK [2][-]{subsection.5.2}{Service state}{section.5}% 11
\BOOKMARK [1][-]{section.6}{Longitudinal reinforcement}{}% 12
\BOOKMARK [2][-]{subsection.6.1}{Aproximations}{section.6}% 13
\BOOKMARK [3][-]{subsubsection.6.1.1}{Design}{subsection.6.1}% 14
\BOOKMARK [2][-]{subsection.6.2}{Spacing}{section.6}% 15
\BOOKMARK [2][-]{subsection.6.3}{Optimisation}{section.6}% 16
\BOOKMARK [1][-]{section.7}{Crack width control}{}% 17
\BOOKMARK [2][-]{subsection.7.1}{Reinforced}{section.7}% 18
\BOOKMARK [2][-]{subsection.7.2}{Prestressed}{section.7}% 19
\BOOKMARK [1][-]{section.8}{Shear reinforcement}{}% 20
\BOOKMARK [2][-]{subsection.8.1}{Optimisation}{section.8}% 21
\BOOKMARK [1][-]{section.9}{Columns}{}% 22
\BOOKMARK [2][-]{subsection.9.1}{Second order effects}{section.9}% 23
\BOOKMARK [2][-]{subsection.9.2}{Longitudinal reinforcement}{section.9}% 24
\BOOKMARK [2][-]{subsection.9.3}{Transversal reinforcement}{section.9}% 25
\BOOKMARK [1][-]{section.10}{Detailing and layout}{}% 26
\BOOKMARK [1][-]{section.10}{Bibliografia}{}% 27
