\BOOKMARK [-1][-]{part.1}{I Th\351orie}{}% 1
\BOOKMARK [0][-]{chapter.1.1}{Les Approximations}{part.1}% 2
\BOOKMARK [1][-]{section.1.1.1}{M\351thode des perturbations stationnaires}{chapter.1.1}% 3
\BOOKMARK [1][-]{section.1.1.2}{La m\351thode variationelle}{chapter.1.1}% 4
\BOOKMARK [0][-]{chapter.1.2}{Repr\351sentation Microcanonique}{part.1}% 5
\BOOKMARK [1][-]{subsection.1.2.0.1}{Temp\351rature statistique}{chapter.1.2}% 6
\BOOKMARK [2][-]{subsection.1.2.0.2}{Pression statistique et le potentiel chimique}{subsection.1.2.0.1}% 7
\BOOKMARK [1][-]{section.1.2.1}{Les fluctuations}{chapter.1.2}% 8
\BOOKMARK [0][-]{chapter.1.3}{Ensemble de particules en \351change avec l'ext\351rieur}{part.1}% 9
\BOOKMARK [1][-]{section.1.3.1}{Le gaz parfait}{chapter.1.3}% 10
\BOOKMARK [1][-]{section.1.3.2}{Grandeurs Moyennes}{chapter.1.3}% 11
\BOOKMARK [1][-]{section.1.3.3}{Dans le cas du GP}{chapter.1.3}% 12
\BOOKMARK [1][-]{section.1.3.4}{Fluctuations des grandeurs}{chapter.1.3}% 13
\BOOKMARK [2][-]{subsection.1.3.4.1}{Pour le GP}{section.1.3.4}% 14
\BOOKMARK [1][-]{section.1.3.5}{Entropie et paradoxe de Gibbs}{chapter.1.3}% 15
\BOOKMARK [1][-]{section.1.3.6}{Equivalences statistique et thermodynamique}{chapter.1.3}% 16
\BOOKMARK [2][-]{subsection.1.3.6.1}{Le cas du GP}{section.1.3.6}% 17
\BOOKMARK [1][-]{section.1.3.7}{\311nergie libre et autres fonction thermodynamiques}{chapter.1.3}% 18
\BOOKMARK [1][-]{section.1.3.8}{Limite thermodynamique}{chapter.1.3}% 19
\BOOKMARK [0][-]{chapter.1.4}{Statistiques quantiques}{part.1}% 20
\BOOKMARK [1][-]{section.1.4.1}{Pauli et les statistiques}{chapter.1.4}% 21
\BOOKMARK [2][-]{subsection.1.4.1.1}{Bosons et fermions}{section.1.4.1}% 22
\BOOKMARK [1][-]{section.1.4.2}{Bosons: "statistique de Panurge"}{chapter.1.4}% 23
\BOOKMARK [1][-]{section.1.4.3}{Les fermions: "une politique d'exclusion"}{chapter.1.4}% 24
\BOOKMARK [1][-]{section.1.4.4}{La limite classique}{chapter.1.4}% 25
\BOOKMARK [2][-]{subsection.1.4.4.1}{Maxwell et Boltzmann}{section.1.4.4}% 26
\BOOKMARK [2][-]{subsection.1.4.4.2}{Identiques mais discernables}{section.1.4.4}% 27
\BOOKMARK [2][-]{subsection.1.4.4.3}{La limite classique}{section.1.4.4}% 28
\BOOKMARK [1][-]{section.1.4.5}{Gaz Quantiques parfaits \(les bosons\)}{chapter.1.4}% 29
\BOOKMARK [2][-]{subsection.1.4.5.1}{Condensats de Bose}{section.1.4.5}% 30
\BOOKMARK [1][-]{section.1.4.6}{De l'approximation classique \340 la limite classique}{chapter.1.4}% 31
\BOOKMARK [0][-]{chapter.1.5}{Le gaz de fermions : un m\351tal id\351al}{part.1}% 32
\BOOKMARK [1][-]{section.1.5.1}{Mod\350le de Drude}{chapter.1.5}% 33
\BOOKMARK [2][-]{subsection.1.5.1.1}{Un mod\350le de conductivit\351 \351lectrique}{section.1.5.1}% 34
\BOOKMARK [2][-]{subsection.1.5.1.2}{Un mod\350le de conductivit\351 thermique}{section.1.5.1}% 35
\BOOKMARK [2][-]{subsection.1.5.1.3}{Loi de Wiedemann-Franz}{section.1.5.1}% 36
\BOOKMARK [2][-]{subsection.1.5.1.4}{Mod\351lisation de l'indice de r\351fraction}{section.1.5.1}% 37
\BOOKMARK [1][-]{section.1.5.2}{Sommerfeld un peu de quantique fait la diff\351rence}{chapter.1.5}% 38
\BOOKMARK [2][-]{subsection.1.5.2.1}{Approximations et hypoth\350ses}{section.1.5.2}% 39
\BOOKMARK [2][-]{subsection.1.5.2.2}{La boite vue par Born et von Karman}{section.1.5.2}% 40
\BOOKMARK [2][-]{subsection.1.5.2.3}{Le gaz d'\351lectrons \340 T=0K, niveau de Fermi}{section.1.5.2}% 41
\BOOKMARK [2][-]{subsection.1.5.2.4}{Au del\340 de la sph\350re de Fermi : T>0K}{section.1.5.2}% 42
\BOOKMARK [-1][-]{part.2}{II TD's}{}% 43
\BOOKMARK [0][-]{section*.6}{TD 11}{part.2}% 44
\BOOKMARK [1][-]{section*.7}{Rappels}{section*.6}% 45
\BOOKMARK [2][-]{section*.10}{Notions importantes}{section*.7}% 46
\BOOKMARK [2][-]{section*.13}{R\351sultats}{section*.7}% 47
\BOOKMARK [1][-]{section*.14}{TD 12}{section*.6}% 48
\BOOKMARK [2][-]{section*.15}{Rappels}{section*.14}% 49
\BOOKMARK [2][-]{section*.20}{Notions importantes}{section*.14}% 50
\BOOKMARK [2][-]{section*.21}{R\351sultats}{section*.14}% 51
\BOOKMARK [1][-]{section*.22}{TD 13}{section*.6}% 52
\BOOKMARK [2][-]{section*.23}{Rappels}{section*.22}% 53
\BOOKMARK [2][-]{section*.26}{Notions importantes}{section*.22}% 54
\BOOKMARK [1][-]{section*.31}{TD 14}{section*.6}% 55
\BOOKMARK [2][-]{section*.32}{Rappels}{section*.31}% 56
\BOOKMARK [2][-]{section*.36}{Notions Importantes}{section*.31}% 57
\BOOKMARK [2][-]{section*.40}{R\351sultats}{section*.31}% 58
\BOOKMARK [1][-]{section*.41}{TD 15}{section*.6}% 59
\BOOKMARK [2][-]{section*.42}{Rappels}{section*.41}% 60
\BOOKMARK [2][-]{section*.46}{Notions importantes}{section*.41}% 61
\BOOKMARK [2][-]{section*.49}{R\351sultats}{section*.41}% 62
\BOOKMARK [1][-]{section*.50}{TD 16}{section*.6}% 63
\BOOKMARK [2][-]{section*.51}{Rappels}{section*.50}% 64
\BOOKMARK [2][-]{section*.54}{Notions importantes}{section*.50}% 65
\BOOKMARK [2][-]{section*.58}{R\351sultats}{section*.50}% 66
\BOOKMARK [1][-]{section*.59}{TD 17}{section*.6}% 67
\BOOKMARK [2][-]{section*.60}{Rappels}{section*.59}% 68
\BOOKMARK [2][-]{section*.63}{Notions importantes}{section*.59}% 69
\BOOKMARK [2][-]{section*.66}{R\351sultats}{section*.59}% 70
\BOOKMARK [1][-]{section*.67}{TD 18}{section*.6}% 71
\BOOKMARK [2][-]{section*.68}{Rappels}{section*.67}% 72
\BOOKMARK [2][-]{section*.70}{Notions importantes}{section*.67}% 73
\BOOKMARK [1][-]{section*.75}{TD 19}{section*.6}% 74
\BOOKMARK [2][-]{section*.76}{Rappels}{section*.75}% 75
\BOOKMARK [2][-]{section*.79}{Notions importantes}{section*.75}% 76
\BOOKMARK [2][-]{section*.84}{R\351sultats}{section*.75}% 77
\BOOKMARK [1][-]{section*.85}{TD 20}{section*.6}% 78
\BOOKMARK [2][-]{section*.86}{Notions importantes}{section*.85}% 79
\BOOKMARK [1][-]{section*.89}{TD 21}{section*.6}% 80
\BOOKMARK [2][-]{section*.90}{Rappels}{section*.89}% 81
\BOOKMARK [2][-]{section*.93}{Notions importantes}{section*.89}% 82
\BOOKMARK [1][-]{section*.99}{TD 22}{section*.6}% 83
\BOOKMARK [2][-]{section*.100}{Rappels}{section*.99}% 84
\BOOKMARK [2][-]{section*.102}{Notions importantes}{section*.99}% 85
