\BOOKMARK [1][-]{section.1}{General}{}% 1
\BOOKMARK [1][-]{section.2}{Darcy’s law \(Momentum continuity equation\)}{}% 2
\BOOKMARK [1][-]{section.3}{Flow equation}{}% 3
\BOOKMARK [2][-]{subsection.3.1}{General expression}{section.3}% 4
\BOOKMARK [3][-]{subsubsection.3.1.1}{R2}{subsection.3.1}% 5
\BOOKMARK [2][-]{subsection.3.2}{Solutions}{section.3}% 6
\BOOKMARK [3][-]{subsubsection.3.2.1}{R / no recharge / steady state / homogeneity}{subsection.3.2}% 7
\BOOKMARK [3][-]{subsubsection.3.2.2}{R / no recharge / steady-state / heterogeneous}{subsection.3.2}% 8
\BOOKMARK [3][-]{subsubsection.3.2.3}{R / recharge / steady-state / homogeneous}{subsection.3.2}% 9
\BOOKMARK [3][-]{subsubsection.3.2.4}{R / no recharge / transient / homogeneous}{subsection.3.2}% 10
\BOOKMARK [3][-]{subsubsection.3.2.5}{R2 \(radial symetry\) / no recharge / steady-state / homogeneous}{subsection.3.2}% 11
\BOOKMARK [3][-]{subsubsection.3.2.6}{R2 \(radial symetry\) / no recharge / transient / homogeneous}{subsection.3.2}% 12
\BOOKMARK [3][-]{subsubsection.3.2.7}{R2 / no recharge / steady-state / homogeneous}{subsection.3.2}% 13
\BOOKMARK [1][-]{section.4}{Groundwater Budget}{}% 14
\BOOKMARK [1][-]{section.5}{Pumping test}{}% 15
\BOOKMARK [1][-]{section.6}{Well hydraulics}{}% 16
\BOOKMARK [2][-]{subsection.6.1}{Superposition theory}{section.6}% 17
\BOOKMARK [2][-]{subsection.6.2}{Boundaries}{section.6}% 18
\BOOKMARK [3][-]{subsubsection.6.2.1}{Impervious boundary}{subsection.6.2}% 19
\BOOKMARK [3][-]{subsubsection.6.2.2}{Fixed head boundary}{subsection.6.2}% 20
\BOOKMARK [1][-]{section.7}{Pollution}{}% 21
\BOOKMARK [2][-]{subsection.7.1}{Advection}{section.7}% 22
\BOOKMARK [2][-]{subsection.7.2}{Hydrodinamic dispersion}{section.7}% 23
\BOOKMARK [1][-]{table.caption.5}{References}{}% 24
